<?xml version="1.0" encoding="UTF-8"?>
<testsuite name="CategoryTest" tests="5" skipped="0" failures="0" errors="0" timestamp="2015-08-25T00:16:51" hostname="epicodus-102.local" time="0.165">
  <properties/>
  <testcase name="equals_returnsTrueIfNamesAretheSame" classname="CategoryTest" time="0.076"/>
  <testcase name="getTasks_retrievesAllTasksFromDatabase_tasksList" classname="CategoryTest" time="0.049"/>
  <testcase name="all_emptyAtFirst" classname="CategoryTest" time="0.011"/>
  <testcase name="find_findCategoryInDatabase_true" classname="CategoryTest" time="0.015"/>
  <testcase name="saveIntoDatabase_true" classname="CategoryTest" time="0.013"/>
  <system-out><![CDATA[45
45
45
45
45
45
]]></system-out>
  <system-err><![CDATA[]]></system-err>
</testsuite>
