<?xml version="1.0" encoding="UTF-8"?>
<testsuite name="TaskTest" tests="7" skipped="0" failures="0" errors="0" timestamp="2015-08-25T00:16:52" hostname="epicodus-102.local" time="0.085">
  <properties/>
  <testcase name="save_returnsTrueIfDescriptionsAretheSame" classname="TaskTest" time="0.015"/>
  <testcase name="save_assignsIDToObject" classname="TaskTest" time="0.014"/>
  <testcase name="save_savesCategoryIdIntoDB_true" classname="TaskTest" time="0.018"/>
  <testcase name="equals_returnsTrueIfDescriptionsAreTheSame" classname="TaskTest" time="0.005"/>
  <testcase name="all_emptyAtFirst" classname="TaskTest" time="0.008"/>
  <testcase name="all_savesIntoDatabase_true" classname="TaskTest" time="0.012"/>
  <testcase name="find_findsTaskInDatabase_true" classname="TaskTest" time="0.013"/>
  <system-out><![CDATA[1
1
1
1
]]></system-out>
  <system-err><![CDATA[]]></system-err>
</testsuite>
